2020-05-13 21:01:50 Warning: DebugKit not enabled. You need to either install pdo_sqlite, or define the "debug_kit" connection name.
2020-05-13 21:01:50 Error: [Cake\Datasource\Exception\MissingDatasourceException] Datasource class default could not be found.  in /var/www/html/vendor/cakephp/cakephp/src/Datasource/ConnectionRegistry.php on line 57
Exception Attributes: array (
  'class' => 'default',
  'plugin' => NULL,
)
Stack Trace:
- /var/www/html/vendor/cakephp/cakephp/src/Core/ObjectRegistry.php:102
- /var/www/html/vendor/cakephp/cakephp/src/Datasource/ConnectionManager.php:212
- /var/www/html/vendor/cakephp/debug_kit/src/Panel/SqlLogPanel.php:51
- /var/www/html/vendor/cakephp/debug_kit/src/ToolbarService.php:201
- /var/www/html/vendor/cakephp/debug_kit/src/Middleware/DebugKitMiddleware.php:58
- /var/www/html/vendor/cakephp/cakephp/src/Http/Runner.php:73
- /var/www/html/vendor/cakephp/cakephp/src/Http/Runner.php:58
- /var/www/html/vendor/cakephp/cakephp/src/Http/Server.php:90
- /var/www/html/webroot/index.php:40



2020-05-13 21:05:33 Warning: DebugKit not enabled. You need to either install pdo_sqlite, or define the "debug_kit" connection name.
2020-05-13 21:05:33 Error: [Cake\Datasource\Exception\MissingDatasourceException] Datasource class default could not be found.  in /var/www/html/vendor/cakephp/cakephp/src/Datasource/ConnectionRegistry.php on line 57
Exception Attributes: array (
  'class' => 'default',
  'plugin' => NULL,
)
Stack Trace:
- /var/www/html/vendor/cakephp/cakephp/src/Core/ObjectRegistry.php:102
- /var/www/html/vendor/cakephp/cakephp/src/Datasource/ConnectionManager.php:212
- /var/www/html/vendor/cakephp/debug_kit/src/Panel/SqlLogPanel.php:51
- /var/www/html/vendor/cakephp/debug_kit/src/ToolbarService.php:201
- /var/www/html/vendor/cakephp/debug_kit/src/Middleware/DebugKitMiddleware.php:58
- /var/www/html/vendor/cakephp/cakephp/src/Http/Runner.php:73
- /var/www/html/vendor/cakephp/cakephp/src/Http/Runner.php:58
- /var/www/html/vendor/cakephp/cakephp/src/Http/Server.php:90
- /var/www/html/webroot/index.php:40



2020-05-13 21:05:35 Warning: DebugKit not enabled. You need to either install pdo_sqlite, or define the "debug_kit" connection name.
2020-05-13 21:05:35 Error: [Cake\Datasource\Exception\MissingDatasourceException] Datasource class default could not be found.  in /var/www/html/vendor/cakephp/cakephp/src/Datasource/ConnectionRegistry.php on line 57
Exception Attributes: array (
  'class' => 'default',
  'plugin' => NULL,
)
Stack Trace:
- /var/www/html/vendor/cakephp/cakephp/src/Core/ObjectRegistry.php:102
- /var/www/html/vendor/cakephp/cakephp/src/Datasource/ConnectionManager.php:212
- /var/www/html/vendor/cakephp/debug_kit/src/Panel/SqlLogPanel.php:51
- /var/www/html/vendor/cakephp/debug_kit/src/ToolbarService.php:201
- /var/www/html/vendor/cakephp/debug_kit/src/Middleware/DebugKitMiddleware.php:58
- /var/www/html/vendor/cakephp/cakephp/src/Http/Runner.php:73
- /var/www/html/vendor/cakephp/cakephp/src/Http/Runner.php:58
- /var/www/html/vendor/cakephp/cakephp/src/Http/Server.php:90
- /var/www/html/webroot/index.php:40



2020-05-13 21:05:35 Warning: DebugKit not enabled. You need to either install pdo_sqlite, or define the "debug_kit" connection name.
2020-05-13 21:05:35 Error: [Cake\Datasource\Exception\MissingDatasourceException] Datasource class default could not be found.  in /var/www/html/vendor/cakephp/cakephp/src/Datasource/ConnectionRegistry.php on line 57
Exception Attributes: array (
  'class' => 'default',
  'plugin' => NULL,
)
Stack Trace:
- /var/www/html/vendor/cakephp/cakephp/src/Core/ObjectRegistry.php:102
- /var/www/html/vendor/cakephp/cakephp/src/Datasource/ConnectionManager.php:212
- /var/www/html/vendor/cakephp/debug_kit/src/Panel/SqlLogPanel.php:51
- /var/www/html/vendor/cakephp/debug_kit/src/ToolbarService.php:201
- /var/www/html/vendor/cakephp/debug_kit/src/Middleware/DebugKitMiddleware.php:58
- /var/www/html/vendor/cakephp/cakephp/src/Http/Runner.php:73
- /var/www/html/vendor/cakephp/cakephp/src/Http/Runner.php:58
- /var/www/html/vendor/cakephp/cakephp/src/Http/Server.php:90
- /var/www/html/webroot/index.php:40



2020-05-13 21:05:45 Warning: DebugKit not enabled. You need to either install pdo_sqlite, or define the "debug_kit" connection name.
2020-05-13 21:05:46 Error: [Cake\Datasource\Exception\MissingDatasourceException] Datasource class default could not be found.  in /var/www/html/vendor/cakephp/cakephp/src/Datasource/ConnectionRegistry.php on line 57
Exception Attributes: array (
  'class' => 'default',
  'plugin' => NULL,
)
Stack Trace:
- /var/www/html/vendor/cakephp/cakephp/src/Core/ObjectRegistry.php:102
- /var/www/html/vendor/cakephp/cakephp/src/Datasource/ConnectionManager.php:212
- /var/www/html/vendor/cakephp/debug_kit/src/Panel/SqlLogPanel.php:51
- /var/www/html/vendor/cakephp/debug_kit/src/ToolbarService.php:201
- /var/www/html/vendor/cakephp/debug_kit/src/Middleware/DebugKitMiddleware.php:58
- /var/www/html/vendor/cakephp/cakephp/src/Http/Runner.php:73
- /var/www/html/vendor/cakephp/cakephp/src/Http/Runner.php:58
- /var/www/html/vendor/cakephp/cakephp/src/Http/Server.php:90
- /var/www/html/webroot/index.php:40



2020-05-13 21:08:54 Warning: DebugKit not enabled. You need to either install pdo_sqlite, or define the "debug_kit" connection name.
2020-05-13 21:08:54 Error: [Cake\Datasource\Exception\MissingDatasourceException] Datasource class default could not be found.  in /var/www/html/vendor/cakephp/cakephp/src/Datasource/ConnectionRegistry.php on line 57
Exception Attributes: array (
  'class' => 'default',
  'plugin' => NULL,
)
Stack Trace:
- /var/www/html/vendor/cakephp/cakephp/src/Core/ObjectRegistry.php:102
- /var/www/html/vendor/cakephp/cakephp/src/Datasource/ConnectionManager.php:212
- /var/www/html/vendor/cakephp/debug_kit/src/Panel/SqlLogPanel.php:51
- /var/www/html/vendor/cakephp/debug_kit/src/ToolbarService.php:201
- /var/www/html/vendor/cakephp/debug_kit/src/Middleware/DebugKitMiddleware.php:58
- /var/www/html/vendor/cakephp/cakephp/src/Http/Runner.php:73
- /var/www/html/vendor/cakephp/cakephp/src/Http/Runner.php:58
- /var/www/html/vendor/cakephp/cakephp/src/Http/Server.php:90
- /var/www/html/webroot/index.php:40



2020-05-13 21:08:55 Warning: DebugKit not enabled. You need to either install pdo_sqlite, or define the "debug_kit" connection name.
2020-05-13 21:08:55 Error: [Cake\Datasource\Exception\MissingDatasourceException] Datasource class default could not be found.  in /var/www/html/vendor/cakephp/cakephp/src/Datasource/ConnectionRegistry.php on line 57
Exception Attributes: array (
  'class' => 'default',
  'plugin' => NULL,
)
Stack Trace:
- /var/www/html/vendor/cakephp/cakephp/src/Core/ObjectRegistry.php:102
- /var/www/html/vendor/cakephp/cakephp/src/Datasource/ConnectionManager.php:212
- /var/www/html/vendor/cakephp/debug_kit/src/Panel/SqlLogPanel.php:51
- /var/www/html/vendor/cakephp/debug_kit/src/ToolbarService.php:201
- /var/www/html/vendor/cakephp/debug_kit/src/Middleware/DebugKitMiddleware.php:58
- /var/www/html/vendor/cakephp/cakephp/src/Http/Runner.php:73
- /var/www/html/vendor/cakephp/cakephp/src/Http/Runner.php:58
- /var/www/html/vendor/cakephp/cakephp/src/Http/Server.php:90
- /var/www/html/webroot/index.php:40



2020-05-13 21:10:16 Error: [TypeError] Argument 1 passed to Cake\Utility\Security::setSalt() must be of the type string, null given, called in /var/www/html/config/bootstrap.php on line 169 in /var/www/html/vendor/cakephp/cakephp/src/Utility/Security.php on line 306
Stack Trace:
- /var/www/html/config/bootstrap.php:169
- /var/www/html/vendor/cakephp/cakephp/src/Http/BaseApplication.php:139
- /var/www/html/src/Application.php:43
- /var/www/html/vendor/cakephp/cakephp/src/Http/Server.php:110
- /var/www/html/vendor/cakephp/cakephp/src/Http/Server.php:79
- /var/www/html/webroot/index.php:40



2020-05-13 21:11:29 Error: [TypeError] Argument 1 passed to Cake\Utility\Security::setSalt() must be of the type string, null given, called in /var/www/html/config/bootstrap.php on line 169 in /var/www/html/vendor/cakephp/cakephp/src/Utility/Security.php on line 306
Stack Trace:
- /var/www/html/config/bootstrap.php:169
- /var/www/html/vendor/cakephp/cakephp/src/Http/BaseApplication.php:139
- /var/www/html/src/Application.php:43
- /var/www/html/vendor/cakephp/cakephp/src/Http/Server.php:110
- /var/www/html/vendor/cakephp/cakephp/src/Http/Server.php:79
- /var/www/html/webroot/index.php:40



2020-05-13 21:11:31 Error: [TypeError] Argument 1 passed to Cake\Utility\Security::setSalt() must be of the type string, null given, called in /var/www/html/config/bootstrap.php on line 169 in /var/www/html/vendor/cakephp/cakephp/src/Utility/Security.php on line 306
Stack Trace:
- /var/www/html/config/bootstrap.php:169
- /var/www/html/vendor/cakephp/cakephp/src/Http/BaseApplication.php:139
- /var/www/html/src/Application.php:43
- /var/www/html/vendor/cakephp/cakephp/src/Http/Server.php:110
- /var/www/html/vendor/cakephp/cakephp/src/Http/Server.php:79
- /var/www/html/webroot/index.php:40



2020-05-13 21:11:31 Error: [TypeError] Argument 1 passed to Cake\Utility\Security::setSalt() must be of the type string, null given, called in /var/www/html/config/bootstrap.php on line 169 in /var/www/html/vendor/cakephp/cakephp/src/Utility/Security.php on line 306
Stack Trace:
- /var/www/html/config/bootstrap.php:169
- /var/www/html/vendor/cakephp/cakephp/src/Http/BaseApplication.php:139
- /var/www/html/src/Application.php:43
- /var/www/html/vendor/cakephp/cakephp/src/Http/Server.php:110
- /var/www/html/vendor/cakephp/cakephp/src/Http/Server.php:79
- /var/www/html/webroot/index.php:40



2020-05-13 21:11:32 Error: [TypeError] Argument 1 passed to Cake\Utility\Security::setSalt() must be of the type string, null given, called in /var/www/html/config/bootstrap.php on line 169 in /var/www/html/vendor/cakephp/cakephp/src/Utility/Security.php on line 306
Stack Trace:
- /var/www/html/config/bootstrap.php:169
- /var/www/html/vendor/cakephp/cakephp/src/Http/BaseApplication.php:139
- /var/www/html/src/Application.php:43
- /var/www/html/vendor/cakephp/cakephp/src/Http/Server.php:110
- /var/www/html/vendor/cakephp/cakephp/src/Http/Server.php:79
- /var/www/html/webroot/index.php:40



2020-05-13 21:11:32 Error: [TypeError] Argument 1 passed to Cake\Utility\Security::setSalt() must be of the type string, null given, called in /var/www/html/config/bootstrap.php on line 169 in /var/www/html/vendor/cakephp/cakephp/src/Utility/Security.php on line 306
Stack Trace:
- /var/www/html/config/bootstrap.php:169
- /var/www/html/vendor/cakephp/cakephp/src/Http/BaseApplication.php:139
- /var/www/html/src/Application.php:43
- /var/www/html/vendor/cakephp/cakephp/src/Http/Server.php:110
- /var/www/html/vendor/cakephp/cakephp/src/Http/Server.php:79
- /var/www/html/webroot/index.php:40



2020-05-13 21:12:38 Warning: DebugKit not enabled. You need to either install pdo_sqlite, or define the "debug_kit" connection name.
2020-05-13 21:12:38 Error: [Cake\Datasource\Exception\MissingDatasourceException] Datasource class default could not be found.  in /var/www/html/vendor/cakephp/cakephp/src/Datasource/ConnectionRegistry.php on line 57
Exception Attributes: array (
  'class' => 'default',
  'plugin' => NULL,
)
Stack Trace:
- /var/www/html/vendor/cakephp/cakephp/src/Core/ObjectRegistry.php:102
- /var/www/html/vendor/cakephp/cakephp/src/Datasource/ConnectionManager.php:212
- /var/www/html/vendor/cakephp/debug_kit/src/Panel/SqlLogPanel.php:51
- /var/www/html/vendor/cakephp/debug_kit/src/ToolbarService.php:201
- /var/www/html/vendor/cakephp/debug_kit/src/Middleware/DebugKitMiddleware.php:58
- /var/www/html/vendor/cakephp/cakephp/src/Http/Runner.php:73
- /var/www/html/vendor/cakephp/cakephp/src/Http/Runner.php:58
- /var/www/html/vendor/cakephp/cakephp/src/Http/Server.php:90
- /var/www/html/webroot/index.php:40



2020-05-13 21:13:18 Warning: DebugKit not enabled. You need to either install pdo_sqlite, or define the "debug_kit" connection name.
2020-05-13 21:13:18 Error: [Cake\Datasource\Exception\MissingDatasourceException] Datasource class default could not be found.  in /var/www/html/vendor/cakephp/cakephp/src/Datasource/ConnectionRegistry.php on line 57
Exception Attributes: array (
  'class' => 'default',
  'plugin' => NULL,
)
Stack Trace:
- /var/www/html/vendor/cakephp/cakephp/src/Core/ObjectRegistry.php:102
- /var/www/html/vendor/cakephp/cakephp/src/Datasource/ConnectionManager.php:212
- /var/www/html/vendor/cakephp/debug_kit/src/Panel/SqlLogPanel.php:51
- /var/www/html/vendor/cakephp/debug_kit/src/ToolbarService.php:201
- /var/www/html/vendor/cakephp/debug_kit/src/Middleware/DebugKitMiddleware.php:58
- /var/www/html/vendor/cakephp/cakephp/src/Http/Runner.php:73
- /var/www/html/vendor/cakephp/cakephp/src/Http/Runner.php:58
- /var/www/html/vendor/cakephp/cakephp/src/Http/Server.php:90
- /var/www/html/webroot/index.php:40



2020-05-13 21:13:19 Warning: DebugKit not enabled. You need to either install pdo_sqlite, or define the "debug_kit" connection name.
2020-05-13 21:13:19 Error: [Cake\Datasource\Exception\MissingDatasourceException] Datasource class default could not be found.  in /var/www/html/vendor/cakephp/cakephp/src/Datasource/ConnectionRegistry.php on line 57
Exception Attributes: array (
  'class' => 'default',
  'plugin' => NULL,
)
Stack Trace:
- /var/www/html/vendor/cakephp/cakephp/src/Core/ObjectRegistry.php:102
- /var/www/html/vendor/cakephp/cakephp/src/Datasource/ConnectionManager.php:212
- /var/www/html/vendor/cakephp/debug_kit/src/Panel/SqlLogPanel.php:51
- /var/www/html/vendor/cakephp/debug_kit/src/ToolbarService.php:201
- /var/www/html/vendor/cakephp/debug_kit/src/Middleware/DebugKitMiddleware.php:58
- /var/www/html/vendor/cakephp/cakephp/src/Http/Runner.php:73
- /var/www/html/vendor/cakephp/cakephp/src/Http/Runner.php:58
- /var/www/html/vendor/cakephp/cakephp/src/Http/Server.php:90
- /var/www/html/webroot/index.php:40



2020-05-13 21:13:19 Warning: DebugKit not enabled. You need to either install pdo_sqlite, or define the "debug_kit" connection name.
2020-05-13 21:13:19 Error: [Cake\Datasource\Exception\MissingDatasourceException] Datasource class default could not be found.  in /var/www/html/vendor/cakephp/cakephp/src/Datasource/ConnectionRegistry.php on line 57
Exception Attributes: array (
  'class' => 'default',
  'plugin' => NULL,
)
Stack Trace:
- /var/www/html/vendor/cakephp/cakephp/src/Core/ObjectRegistry.php:102
- /var/www/html/vendor/cakephp/cakephp/src/Datasource/ConnectionManager.php:212
- /var/www/html/vendor/cakephp/debug_kit/src/Panel/SqlLogPanel.php:51
- /var/www/html/vendor/cakephp/debug_kit/src/ToolbarService.php:201
- /var/www/html/vendor/cakephp/debug_kit/src/Middleware/DebugKitMiddleware.php:58
- /var/www/html/vendor/cakephp/cakephp/src/Http/Runner.php:73
- /var/www/html/vendor/cakephp/cakephp/src/Http/Runner.php:58
- /var/www/html/vendor/cakephp/cakephp/src/Http/Server.php:90
- /var/www/html/webroot/index.php:40



2020-05-13 21:13:19 Warning: DebugKit not enabled. You need to either install pdo_sqlite, or define the "debug_kit" connection name.
2020-05-13 21:13:19 Error: [Cake\Datasource\Exception\MissingDatasourceException] Datasource class default could not be found.  in /var/www/html/vendor/cakephp/cakephp/src/Datasource/ConnectionRegistry.php on line 57
Exception Attributes: array (
  'class' => 'default',
  'plugin' => NULL,
)
Stack Trace:
- /var/www/html/vendor/cakephp/cakephp/src/Core/ObjectRegistry.php:102
- /var/www/html/vendor/cakephp/cakephp/src/Datasource/ConnectionManager.php:212
- /var/www/html/vendor/cakephp/debug_kit/src/Panel/SqlLogPanel.php:51
- /var/www/html/vendor/cakephp/debug_kit/src/ToolbarService.php:201
- /var/www/html/vendor/cakephp/debug_kit/src/Middleware/DebugKitMiddleware.php:58
- /var/www/html/vendor/cakephp/cakephp/src/Http/Runner.php:73
- /var/www/html/vendor/cakephp/cakephp/src/Http/Runner.php:58
- /var/www/html/vendor/cakephp/cakephp/src/Http/Server.php:90
- /var/www/html/webroot/index.php:40



2020-05-13 21:15:52 Warning: DebugKit not enabled. You need to either install pdo_sqlite, or define the "debug_kit" connection name.
2020-05-13 21:15:52 Error: [Cake\Datasource\Exception\MissingDatasourceException] Datasource class test could not be found.  in /var/www/html/vendor/cakephp/cakephp/src/Datasource/ConnectionRegistry.php on line 57
Exception Attributes: array (
  'class' => 'test',
  'plugin' => NULL,
)
Stack Trace:
- /var/www/html/vendor/cakephp/cakephp/src/Core/ObjectRegistry.php:102
- /var/www/html/vendor/cakephp/cakephp/src/Datasource/ConnectionManager.php:212
- /var/www/html/vendor/cakephp/debug_kit/src/Panel/SqlLogPanel.php:51
- /var/www/html/vendor/cakephp/debug_kit/src/ToolbarService.php:201
- /var/www/html/vendor/cakephp/debug_kit/src/Middleware/DebugKitMiddleware.php:58
- /var/www/html/vendor/cakephp/cakephp/src/Http/Runner.php:73
- /var/www/html/vendor/cakephp/cakephp/src/Http/Runner.php:58
- /var/www/html/vendor/cakephp/cakephp/src/Http/Server.php:90
- /var/www/html/webroot/index.php:40



2020-05-13 21:17:04 Warning: DebugKit not enabled. You need to either install pdo_sqlite, or define the "debug_kit" connection name.
2020-05-13 21:17:04 Error: [Cake\Datasource\Exception\MissingDatasourceException] Datasource class test could not be found.  in /var/www/html/vendor/cakephp/cakephp/src/Datasource/ConnectionRegistry.php on line 57
Exception Attributes: array (
  'class' => 'test',
  'plugin' => NULL,
)
Stack Trace:
- /var/www/html/vendor/cakephp/cakephp/src/Core/ObjectRegistry.php:102
- /var/www/html/vendor/cakephp/cakephp/src/Datasource/ConnectionManager.php:212
- /var/www/html/vendor/cakephp/debug_kit/src/Panel/SqlLogPanel.php:51
- /var/www/html/vendor/cakephp/debug_kit/src/ToolbarService.php:201
- /var/www/html/vendor/cakephp/debug_kit/src/Middleware/DebugKitMiddleware.php:58
- /var/www/html/vendor/cakephp/cakephp/src/Http/Runner.php:73
- /var/www/html/vendor/cakephp/cakephp/src/Http/Runner.php:58
- /var/www/html/vendor/cakephp/cakephp/src/Http/Server.php:90
- /var/www/html/webroot/index.php:40



2020-05-13 21:17:53 Warning: DebugKit not enabled. You need to either install pdo_sqlite, or define the "debug_kit" connection name.
2020-05-13 21:17:53 Error: [Cake\Datasource\Exception\MissingDatasourceConfigException] The datasource configuration "debug_kit" was not found. in /var/www/html/vendor/cakephp/cakephp/src/Datasource/ConnectionManager.php on line 203
Exception Attributes: array (
  'name' => 'debug_kit',
)
Stack Trace:
- /var/www/html/vendor/cakephp/cakephp/src/ORM/Locator/TableLocator.php:209
- /var/www/html/vendor/cakephp/debug_kit/src/ToolbarService.php:232
- /var/www/html/vendor/cakephp/debug_kit/src/Middleware/DebugKitMiddleware.php:66
- /var/www/html/vendor/cakephp/cakephp/src/Http/Runner.php:73
- /var/www/html/vendor/cakephp/cakephp/src/Http/Runner.php:58
- /var/www/html/vendor/cakephp/cakephp/src/Http/Server.php:90
- /var/www/html/webroot/index.php:40

Request URL: /pages/home
Client IP: 192.168.5.1


2020-05-13 21:19:38 Error: [Cake\Http\Exception\MissingControllerException] Controller class Css could not be found. in /var/www/html/vendor/cakephp/cakephp/src/Controller/ControllerFactory.php on line 158
Exception Attributes: array (
  'class' => 'Css',
  'plugin' => NULL,
  'prefix' => NULL,
  '_ext' => NULL,
)
Stack Trace:
- /var/www/html/vendor/cakephp/cakephp/src/Controller/ControllerFactory.php:46
- /var/www/html/vendor/cakephp/cakephp/src/Http/BaseApplication.php:227
- /var/www/html/vendor/cakephp/cakephp/src/Http/Runner.php:77
- /var/www/html/vendor/cakephp/cakephp/src/Http/Runner.php:77
- /var/www/html/vendor/cakephp/cakephp/src/Http/Middleware/CsrfProtectionMiddleware.php:137
- /var/www/html/vendor/cakephp/cakephp/src/Http/Runner.php:73
- /var/www/html/vendor/cakephp/cakephp/src/Http/Runner.php:58
- /var/www/html/vendor/cakephp/cakephp/src/Routing/Middleware/RoutingMiddleware.php:162
- /var/www/html/vendor/cakephp/cakephp/src/Http/Runner.php:73
- /var/www/html/vendor/cakephp/cakephp/src/Routing/Middleware/AssetMiddleware.php:77
- /var/www/html/vendor/cakephp/cakephp/src/Http/Runner.php:73
- /var/www/html/vendor/cakephp/cakephp/src/Error/Middleware/ErrorHandlerMiddleware.php:119
- /var/www/html/vendor/cakephp/cakephp/src/Http/Runner.php:73
- /var/www/html/vendor/cakephp/debug_kit/src/Middleware/DebugKitMiddleware.php:60
- /var/www/html/vendor/cakephp/cakephp/src/Http/Runner.php:73
- /var/www/html/vendor/cakephp/cakephp/src/Http/Runner.php:58
- /var/www/html/vendor/cakephp/cakephp/src/Http/Server.php:90
- /var/www/html/webroot/index.php:40

Request URL: /css/milligram.min.css.map
Client IP: 192.168.5.1


2020-05-13 21:19:56 Error: [Cake\Http\Exception\MissingControllerException] Controller class Css could not be found. in /var/www/html/vendor/cakephp/cakephp/src/Controller/ControllerFactory.php on line 158
Exception Attributes: array (
  'class' => 'Css',
  'plugin' => NULL,
  'prefix' => NULL,
  '_ext' => NULL,
)
Stack Trace:
- /var/www/html/vendor/cakephp/cakephp/src/Controller/ControllerFactory.php:46
- /var/www/html/vendor/cakephp/cakephp/src/Http/BaseApplication.php:227
- /var/www/html/vendor/cakephp/cakephp/src/Http/Runner.php:77
- /var/www/html/vendor/cakephp/cakephp/src/Http/Runner.php:77
- /var/www/html/vendor/cakephp/cakephp/src/Http/Middleware/CsrfProtectionMiddleware.php:137
- /var/www/html/vendor/cakephp/cakephp/src/Http/Runner.php:73
- /var/www/html/vendor/cakephp/cakephp/src/Http/Runner.php:58
- /var/www/html/vendor/cakephp/cakephp/src/Routing/Middleware/RoutingMiddleware.php:162
- /var/www/html/vendor/cakephp/cakephp/src/Http/Runner.php:73
- /var/www/html/vendor/cakephp/cakephp/src/Routing/Middleware/AssetMiddleware.php:77
- /var/www/html/vendor/cakephp/cakephp/src/Http/Runner.php:73
- /var/www/html/vendor/cakephp/cakephp/src/Error/Middleware/ErrorHandlerMiddleware.php:119
- /var/www/html/vendor/cakephp/cakephp/src/Http/Runner.php:73
- /var/www/html/vendor/cakephp/debug_kit/src/Middleware/DebugKitMiddleware.php:60
- /var/www/html/vendor/cakephp/cakephp/src/Http/Runner.php:73
- /var/www/html/vendor/cakephp/cakephp/src/Http/Runner.php:58
- /var/www/html/vendor/cakephp/cakephp/src/Http/Server.php:90
- /var/www/html/webroot/index.php:40

Request URL: /css/milligram.min.css.map
Client IP: 192.168.5.1


2020-05-13 21:32:20 Error: [Cake\View\Exception\MissingTemplateException] Template file `Cards/index.php` could not be found.

The following paths were searched:

- `/var/www/html/templates/Cards/index.php`
- `/var/www/html/vendor/cakephp/cakephp/templates/Cards/index.php`
 in Cards/index.php on line 1331
Exception Attributes: array (
  'file' => 'Cards/index.php',
  'paths' => 
  array (
    0 => '/var/www/html/templates/',
    1 => '/var/www/html/vendor/cakephp/cakephp/templates/',
  ),
)
Stack Trace:
- /var/www/html/vendor/cakephp/cakephp/src/View/View.php:748
- /var/www/html/vendor/cakephp/cakephp/src/Controller/Controller.php:688
- /var/www/html/vendor/cakephp/cakephp/src/Controller/Controller.php:530
- /var/www/html/vendor/cakephp/cakephp/src/Controller/ControllerFactory.php:79
- /var/www/html/vendor/cakephp/cakephp/src/Http/BaseApplication.php:229
- /var/www/html/vendor/cakephp/cakephp/src/Http/Runner.php:77
- /var/www/html/vendor/cakephp/cakephp/src/Http/Runner.php:77
- /var/www/html/vendor/cakephp/cakephp/src/Http/Middleware/CsrfProtectionMiddleware.php:137
- /var/www/html/vendor/cakephp/cakephp/src/Http/Runner.php:73
- /var/www/html/vendor/cakephp/cakephp/src/Http/Runner.php:58
- /var/www/html/vendor/cakephp/cakephp/src/Routing/Middleware/RoutingMiddleware.php:162
- /var/www/html/vendor/cakephp/cakephp/src/Http/Runner.php:73
- /var/www/html/vendor/cakephp/cakephp/src/Routing/Middleware/AssetMiddleware.php:68
- /var/www/html/vendor/cakephp/cakephp/src/Http/Runner.php:73
- /var/www/html/vendor/cakephp/cakephp/src/Error/Middleware/ErrorHandlerMiddleware.php:119
- /var/www/html/vendor/cakephp/cakephp/src/Http/Runner.php:73
- /var/www/html/vendor/cakephp/debug_kit/src/Middleware/DebugKitMiddleware.php:60
- /var/www/html/vendor/cakephp/cakephp/src/Http/Runner.php:73
- /var/www/html/vendor/cakephp/cakephp/src/Http/Runner.php:58
- /var/www/html/vendor/cakephp/cakephp/src/Http/Server.php:90
- /var/www/html/webroot/index.php:40

Request URL: /cards
Client IP: 192.168.5.1


2020-05-13 21:35:02 Error: [Cake\Http\Exception\MissingControllerException] Controller class Css could not be found. in /var/www/html/vendor/cakephp/cakephp/src/Controller/ControllerFactory.php on line 158
Exception Attributes: array (
  'class' => 'Css',
  'plugin' => NULL,
  'prefix' => NULL,
  '_ext' => NULL,
)
Stack Trace:
- /var/www/html/vendor/cakephp/cakephp/src/Controller/ControllerFactory.php:46
- /var/www/html/vendor/cakephp/cakephp/src/Http/BaseApplication.php:227
- /var/www/html/vendor/cakephp/cakephp/src/Http/Runner.php:77
- /var/www/html/vendor/cakephp/cakephp/src/Http/Runner.php:77
- /var/www/html/vendor/cakephp/cakephp/src/Http/Middleware/CsrfProtectionMiddleware.php:137
- /var/www/html/vendor/cakephp/cakephp/src/Http/Runner.php:73
- /var/www/html/vendor/cakephp/cakephp/src/Http/Runner.php:58
- /var/www/html/vendor/cakephp/cakephp/src/Routing/Middleware/RoutingMiddleware.php:162
- /var/www/html/vendor/cakephp/cakephp/src/Http/Runner.php:73
- /var/www/html/vendor/cakephp/cakephp/src/Routing/Middleware/AssetMiddleware.php:77
- /var/www/html/vendor/cakephp/cakephp/src/Http/Runner.php:73
- /var/www/html/vendor/cakephp/cakephp/src/Error/Middleware/ErrorHandlerMiddleware.php:119
- /var/www/html/vendor/cakephp/cakephp/src/Http/Runner.php:73
- /var/www/html/vendor/cakephp/debug_kit/src/Middleware/DebugKitMiddleware.php:60
- /var/www/html/vendor/cakephp/cakephp/src/Http/Runner.php:73
- /var/www/html/vendor/cakephp/cakephp/src/Http/Runner.php:58
- /var/www/html/vendor/cakephp/cakephp/src/Http/Server.php:90
- /var/www/html/webroot/index.php:40

Request URL: /css/milligram.min.css.map
Client IP: 192.168.5.1


2020-05-13 21:36:24 Error: [Error] Call to undefined method App\Controller\CardsController::layout() in /var/www/html/src/Controller/CardsController.php on line 23
Stack Trace:
- /var/www/html/vendor/cakephp/cakephp/src/Controller/Controller.php:521
- /var/www/html/vendor/cakephp/cakephp/src/Controller/ControllerFactory.php:79
- /var/www/html/vendor/cakephp/cakephp/src/Http/BaseApplication.php:229
- /var/www/html/vendor/cakephp/cakephp/src/Http/Runner.php:77
- /var/www/html/vendor/cakephp/cakephp/src/Http/Runner.php:77
- /var/www/html/vendor/cakephp/cakephp/src/Http/Middleware/CsrfProtectionMiddleware.php:137
- /var/www/html/vendor/cakephp/cakephp/src/Http/Runner.php:73
- /var/www/html/vendor/cakephp/cakephp/src/Http/Runner.php:58
- /var/www/html/vendor/cakephp/cakephp/src/Routing/Middleware/RoutingMiddleware.php:162
- /var/www/html/vendor/cakephp/cakephp/src/Http/Runner.php:73
- /var/www/html/vendor/cakephp/cakephp/src/Routing/Middleware/AssetMiddleware.php:68
- /var/www/html/vendor/cakephp/cakephp/src/Http/Runner.php:73
- /var/www/html/vendor/cakephp/cakephp/src/Error/Middleware/ErrorHandlerMiddleware.php:119
- /var/www/html/vendor/cakephp/cakephp/src/Http/Runner.php:73
- /var/www/html/vendor/cakephp/debug_kit/src/Middleware/DebugKitMiddleware.php:60
- /var/www/html/vendor/cakephp/cakephp/src/Http/Runner.php:73
- /var/www/html/vendor/cakephp/cakephp/src/Http/Runner.php:58
- /var/www/html/vendor/cakephp/cakephp/src/Http/Server.php:90
- /var/www/html/webroot/index.php:40

Request URL: /cards
Client IP: 192.168.5.1


2020-05-13 21:36:36 Error: [Error] Call to undefined method App\Controller\CardsController::template() in /var/www/html/src/Controller/CardsController.php on line 23
Stack Trace:
- /var/www/html/vendor/cakephp/cakephp/src/Controller/Controller.php:521
- /var/www/html/vendor/cakephp/cakephp/src/Controller/ControllerFactory.php:79
- /var/www/html/vendor/cakephp/cakephp/src/Http/BaseApplication.php:229
- /var/www/html/vendor/cakephp/cakephp/src/Http/Runner.php:77
- /var/www/html/vendor/cakephp/cakephp/src/Http/Runner.php:77
- /var/www/html/vendor/cakephp/cakephp/src/Http/Middleware/CsrfProtectionMiddleware.php:137
- /var/www/html/vendor/cakephp/cakephp/src/Http/Runner.php:73
- /var/www/html/vendor/cakephp/cakephp/src/Http/Runner.php:58
- /var/www/html/vendor/cakephp/cakephp/src/Routing/Middleware/RoutingMiddleware.php:162
- /var/www/html/vendor/cakephp/cakephp/src/Http/Runner.php:73
- /var/www/html/vendor/cakephp/cakephp/src/Routing/Middleware/AssetMiddleware.php:68
- /var/www/html/vendor/cakephp/cakephp/src/Http/Runner.php:73
- /var/www/html/vendor/cakephp/cakephp/src/Error/Middleware/ErrorHandlerMiddleware.php:119
- /var/www/html/vendor/cakephp/cakephp/src/Http/Runner.php:73
- /var/www/html/vendor/cakephp/debug_kit/src/Middleware/DebugKitMiddleware.php:60
- /var/www/html/vendor/cakephp/cakephp/src/Http/Runner.php:73
- /var/www/html/vendor/cakephp/cakephp/src/Http/Runner.php:58
- /var/www/html/vendor/cakephp/cakephp/src/Http/Server.php:90
- /var/www/html/webroot/index.php:40

Request URL: /cards
Client IP: 192.168.5.1


2020-05-13 21:36:58 Error: [Error] Call to undefined method App\Controller\CardsController::template() in /var/www/html/src/Controller/CardsController.php on line 23
Stack Trace:
- /var/www/html/vendor/cakephp/cakephp/src/Controller/Controller.php:521
- /var/www/html/vendor/cakephp/cakephp/src/Controller/ControllerFactory.php:79
- /var/www/html/vendor/cakephp/cakephp/src/Http/BaseApplication.php:229
- /var/www/html/vendor/cakephp/cakephp/src/Http/Runner.php:77
- /var/www/html/vendor/cakephp/cakephp/src/Http/Runner.php:77
- /var/www/html/vendor/cakephp/cakephp/src/Http/Middleware/CsrfProtectionMiddleware.php:137
- /var/www/html/vendor/cakephp/cakephp/src/Http/Runner.php:73
- /var/www/html/vendor/cakephp/cakephp/src/Http/Runner.php:58
- /var/www/html/vendor/cakephp/cakephp/src/Routing/Middleware/RoutingMiddleware.php:162
- /var/www/html/vendor/cakephp/cakephp/src/Http/Runner.php:73
- /var/www/html/vendor/cakephp/cakephp/src/Routing/Middleware/AssetMiddleware.php:68
- /var/www/html/vendor/cakephp/cakephp/src/Http/Runner.php:73
- /var/www/html/vendor/cakephp/cakephp/src/Error/Middleware/ErrorHandlerMiddleware.php:119
- /var/www/html/vendor/cakephp/cakephp/src/Http/Runner.php:73
- /var/www/html/vendor/cakephp/debug_kit/src/Middleware/DebugKitMiddleware.php:60
- /var/www/html/vendor/cakephp/cakephp/src/Http/Runner.php:73
- /var/www/html/vendor/cakephp/cakephp/src/Http/Runner.php:58
- /var/www/html/vendor/cakephp/cakephp/src/Http/Server.php:90
- /var/www/html/webroot/index.php:40

Request URL: /cards
Client IP: 192.168.5.1


2020-05-13 21:37:04 Error: [Cake\Http\Exception\MissingControllerException] Controller class Css could not be found. in /var/www/html/vendor/cakephp/cakephp/src/Controller/ControllerFactory.php on line 158
Exception Attributes: array (
  'class' => 'Css',
  'plugin' => NULL,
  'prefix' => NULL,
  '_ext' => NULL,
)
Stack Trace:
- /var/www/html/vendor/cakephp/cakephp/src/Controller/ControllerFactory.php:46
- /var/www/html/vendor/cakephp/cakephp/src/Http/BaseApplication.php:227
- /var/www/html/vendor/cakephp/cakephp/src/Http/Runner.php:77
- /var/www/html/vendor/cakephp/cakephp/src/Http/Runner.php:77
- /var/www/html/vendor/cakephp/cakephp/src/Http/Middleware/CsrfProtectionMiddleware.php:137
- /var/www/html/vendor/cakephp/cakephp/src/Http/Runner.php:73
- /var/www/html/vendor/cakephp/cakephp/src/Http/Runner.php:58
- /var/www/html/vendor/cakephp/cakephp/src/Routing/Middleware/RoutingMiddleware.php:162
- /var/www/html/vendor/cakephp/cakephp/src/Http/Runner.php:73
- /var/www/html/vendor/cakephp/cakephp/src/Routing/Middleware/AssetMiddleware.php:77
- /var/www/html/vendor/cakephp/cakephp/src/Http/Runner.php:73
- /var/www/html/vendor/cakephp/cakephp/src/Error/Middleware/ErrorHandlerMiddleware.php:119
- /var/www/html/vendor/cakephp/cakephp/src/Http/Runner.php:73
- /var/www/html/vendor/cakephp/debug_kit/src/Middleware/DebugKitMiddleware.php:60
- /var/www/html/vendor/cakephp/cakephp/src/Http/Runner.php:73
- /var/www/html/vendor/cakephp/cakephp/src/Http/Runner.php:58
- /var/www/html/vendor/cakephp/cakephp/src/Http/Server.php:90
- /var/www/html/webroot/index.php:40

Request URL: /css/milligram.min.css.map
Client IP: 192.168.5.1


2020-05-13 21:41:17 Error: [Cake\Http\Exception\MissingControllerException] Controller class Css could not be found. in /var/www/html/vendor/cakephp/cakephp/src/Controller/ControllerFactory.php on line 158
Exception Attributes: array (
  'class' => 'Css',
  'plugin' => NULL,
  'prefix' => NULL,
  '_ext' => NULL,
)
Stack Trace:
- /var/www/html/vendor/cakephp/cakephp/src/Controller/ControllerFactory.php:46
- /var/www/html/vendor/cakephp/cakephp/src/Http/BaseApplication.php:227
- /var/www/html/vendor/cakephp/cakephp/src/Http/Runner.php:77
- /var/www/html/vendor/cakephp/cakephp/src/Http/Runner.php:77
- /var/www/html/vendor/cakephp/cakephp/src/Http/Middleware/CsrfProtectionMiddleware.php:137
- /var/www/html/vendor/cakephp/cakephp/src/Http/Runner.php:73
- /var/www/html/vendor/cakephp/cakephp/src/Http/Runner.php:58
- /var/www/html/vendor/cakephp/cakephp/src/Routing/Middleware/RoutingMiddleware.php:162
- /var/www/html/vendor/cakephp/cakephp/src/Http/Runner.php:73
- /var/www/html/vendor/cakephp/cakephp/src/Routing/Middleware/AssetMiddleware.php:77
- /var/www/html/vendor/cakephp/cakephp/src/Http/Runner.php:73
- /var/www/html/vendor/cakephp/cakephp/src/Error/Middleware/ErrorHandlerMiddleware.php:119
- /var/www/html/vendor/cakephp/cakephp/src/Http/Runner.php:73
- /var/www/html/vendor/cakephp/debug_kit/src/Middleware/DebugKitMiddleware.php:60
- /var/www/html/vendor/cakephp/cakephp/src/Http/Runner.php:73
- /var/www/html/vendor/cakephp/cakephp/src/Http/Runner.php:58
- /var/www/html/vendor/cakephp/cakephp/src/Http/Server.php:90
- /var/www/html/webroot/index.php:40

Request URL: /css/milligram.min.css.map
Client IP: 192.168.5.1


2020-05-13 21:47:28 Error: [Cake\View\Exception\MissingTemplateException] Template file `Cards/cards.php` could not be found.

The following paths were searched:

- `/var/www/html/templates/Cards/cards.php`
- `/var/www/html/vendor/cakephp/cakephp/templates/Cards/cards.php`
 in Cards/cards.php on line 1331
Exception Attributes: array (
  'file' => 'Cards/cards.php',
  'paths' => 
  array (
    0 => '/var/www/html/templates/',
    1 => '/var/www/html/vendor/cakephp/cakephp/templates/',
  ),
)
Stack Trace:
- /var/www/html/vendor/cakephp/cakephp/src/View/View.php:748
- /var/www/html/vendor/cakephp/cakephp/src/Controller/Controller.php:688
- /var/www/html/vendor/cakephp/cakephp/src/Controller/Controller.php:530
- /var/www/html/vendor/cakephp/cakephp/src/Controller/ControllerFactory.php:79
- /var/www/html/vendor/cakephp/cakephp/src/Http/BaseApplication.php:229
- /var/www/html/vendor/cakephp/cakephp/src/Http/Runner.php:77
- /var/www/html/vendor/cakephp/cakephp/src/Http/Runner.php:77
- /var/www/html/vendor/cakephp/cakephp/src/Http/Middleware/CsrfProtectionMiddleware.php:137
- /var/www/html/vendor/cakephp/cakephp/src/Http/Runner.php:73
- /var/www/html/vendor/cakephp/cakephp/src/Http/Runner.php:58
- /var/www/html/vendor/cakephp/cakephp/src/Routing/Middleware/RoutingMiddleware.php:162
- /var/www/html/vendor/cakephp/cakephp/src/Http/Runner.php:73
- /var/www/html/vendor/cakephp/cakephp/src/Routing/Middleware/AssetMiddleware.php:68
- /var/www/html/vendor/cakephp/cakephp/src/Http/Runner.php:73
- /var/www/html/vendor/cakephp/cakephp/src/Error/Middleware/ErrorHandlerMiddleware.php:119
- /var/www/html/vendor/cakephp/cakephp/src/Http/Runner.php:73
- /var/www/html/vendor/cakephp/debug_kit/src/Middleware/DebugKitMiddleware.php:60
- /var/www/html/vendor/cakephp/cakephp/src/Http/Runner.php:73
- /var/www/html/vendor/cakephp/cakephp/src/Http/Runner.php:58
- /var/www/html/vendor/cakephp/cakephp/src/Http/Server.php:90
- /var/www/html/webroot/index.php:40

Request URL: /cards/cards
Client IP: 192.168.5.1


2020-05-13 21:52:06 Error: [TypeError] Argument 2 passed to Cake\Error\ErrorHandler::_displayError() must be of the type bool, int given, called in /var/www/html/vendor/cakephp/cakephp/src/Error/BaseErrorHandler.php on line 187 in /var/www/html/vendor/cakephp/cakephp/src/Error/ErrorHandler.php on line 116
Stack Trace:
- /var/www/html/vendor/cakephp/cakephp/src/Error/BaseErrorHandler.php:187
- /var/www/html/vendor/cakephp/debug_kit/src/Plugin.php:105
- /var/www/html/vendor/cakephp/cakephp/src/Controller/Controller.php:311
- /var/www/html/src/Controller/CardsController.php:23
- /var/www/html/vendor/cakephp/cakephp/src/Controller/Controller.php:521
- /var/www/html/vendor/cakephp/cakephp/src/Controller/ControllerFactory.php:79
- /var/www/html/vendor/cakephp/cakephp/src/Http/BaseApplication.php:229
- /var/www/html/vendor/cakephp/cakephp/src/Http/Runner.php:77
- /var/www/html/vendor/cakephp/cakephp/src/Http/Runner.php:77
- /var/www/html/vendor/cakephp/cakephp/src/Http/Middleware/CsrfProtectionMiddleware.php:137
- /var/www/html/vendor/cakephp/cakephp/src/Http/Runner.php:73
- /var/www/html/vendor/cakephp/cakephp/src/Http/Runner.php:58
- /var/www/html/vendor/cakephp/cakephp/src/Routing/Middleware/RoutingMiddleware.php:162
- /var/www/html/vendor/cakephp/cakephp/src/Http/Runner.php:73
- /var/www/html/vendor/cakephp/cakephp/src/Routing/Middleware/AssetMiddleware.php:68
- /var/www/html/vendor/cakephp/cakephp/src/Http/Runner.php:73
- /var/www/html/vendor/cakephp/cakephp/src/Error/Middleware/ErrorHandlerMiddleware.php:119
- /var/www/html/vendor/cakephp/cakephp/src/Http/Runner.php:73
- /var/www/html/vendor/cakephp/debug_kit/src/Middleware/DebugKitMiddleware.php:60
- /var/www/html/vendor/cakephp/cakephp/src/Http/Runner.php:73
- /var/www/html/vendor/cakephp/cakephp/src/Http/Runner.php:58
- /var/www/html/vendor/cakephp/cakephp/src/Http/Server.php:90
- /var/www/html/webroot/index.php:40

Request URL: /cards/cards
Client IP: 192.168.5.1


2020-05-13 21:53:07 Error: [ArgumentCountError] Too few arguments to function App\Controller\CardsController::cards(), 0 passed in /var/www/html/vendor/cakephp/cakephp/src/Controller/Controller.php on line 521 and exactly 1 expected in /var/www/html/src/Controller/CardsController.php on line 19
Stack Trace:
- /var/www/html/vendor/cakephp/cakephp/src/Controller/Controller.php:521
- /var/www/html/vendor/cakephp/cakephp/src/Controller/ControllerFactory.php:79
- /var/www/html/vendor/cakephp/cakephp/src/Http/BaseApplication.php:229
- /var/www/html/vendor/cakephp/cakephp/src/Http/Runner.php:77
- /var/www/html/vendor/cakephp/cakephp/src/Http/Runner.php:77
- /var/www/html/vendor/cakephp/cakephp/src/Http/Middleware/CsrfProtectionMiddleware.php:137
- /var/www/html/vendor/cakephp/cakephp/src/Http/Runner.php:73
- /var/www/html/vendor/cakephp/cakephp/src/Http/Runner.php:58
- /var/www/html/vendor/cakephp/cakephp/src/Routing/Middleware/RoutingMiddleware.php:162
- /var/www/html/vendor/cakephp/cakephp/src/Http/Runner.php:73
- /var/www/html/vendor/cakephp/cakephp/src/Routing/Middleware/AssetMiddleware.php:68
- /var/www/html/vendor/cakephp/cakephp/src/Http/Runner.php:73
- /var/www/html/vendor/cakephp/cakephp/src/Error/Middleware/ErrorHandlerMiddleware.php:119
- /var/www/html/vendor/cakephp/cakephp/src/Http/Runner.php:73
- /var/www/html/vendor/cakephp/debug_kit/src/Middleware/DebugKitMiddleware.php:60
- /var/www/html/vendor/cakephp/cakephp/src/Http/Runner.php:73
- /var/www/html/vendor/cakephp/cakephp/src/Http/Runner.php:58
- /var/www/html/vendor/cakephp/cakephp/src/Http/Server.php:90
- /var/www/html/webroot/index.php:40

Request URL: /cards/cards
Client IP: 192.168.5.1


2020-05-13 21:53:11 Error: [Error] Call to undefined function App\Controller\var_dumpt() in /var/www/html/src/Controller/CardsController.php on line 23
Stack Trace:
- /var/www/html/vendor/cakephp/cakephp/src/Controller/Controller.php:521
- /var/www/html/vendor/cakephp/cakephp/src/Controller/ControllerFactory.php:79
- /var/www/html/vendor/cakephp/cakephp/src/Http/BaseApplication.php:229
- /var/www/html/vendor/cakephp/cakephp/src/Http/Runner.php:77
- /var/www/html/vendor/cakephp/cakephp/src/Http/Runner.php:77
- /var/www/html/vendor/cakephp/cakephp/src/Http/Middleware/CsrfProtectionMiddleware.php:137
- /var/www/html/vendor/cakephp/cakephp/src/Http/Runner.php:73
- /var/www/html/vendor/cakephp/cakephp/src/Http/Runner.php:58
- /var/www/html/vendor/cakephp/cakephp/src/Routing/Middleware/RoutingMiddleware.php:162
- /var/www/html/vendor/cakephp/cakephp/src/Http/Runner.php:73
- /var/www/html/vendor/cakephp/cakephp/src/Routing/Middleware/AssetMiddleware.php:68
- /var/www/html/vendor/cakephp/cakephp/src/Http/Runner.php:73
- /var/www/html/vendor/cakephp/cakephp/src/Error/Middleware/ErrorHandlerMiddleware.php:119
- /var/www/html/vendor/cakephp/cakephp/src/Http/Runner.php:73
- /var/www/html/vendor/cakephp/debug_kit/src/Middleware/DebugKitMiddleware.php:60
- /var/www/html/vendor/cakephp/cakephp/src/Http/Runner.php:73
- /var/www/html/vendor/cakephp/cakephp/src/Http/Runner.php:58
- /var/www/html/vendor/cakephp/cakephp/src/Http/Server.php:90
- /var/www/html/webroot/index.php:40

Request URL: /cards/cards/12
Client IP: 192.168.5.1


2020-05-13 21:59:58 Error: [Cake\Controller\Exception\MissingActionException] Action CardsController::js() could not be found, or is not accessible. in /var/www/html/vendor/cakephp/cakephp/src/Controller/Controller.php on line 500
Exception Attributes: array (
  'controller' => 'CardsController',
  'action' => 'js',
  'prefix' => '',
  'plugin' => NULL,
)
Stack Trace:
- /var/www/html/vendor/cakephp/cakephp/src/Controller/ControllerFactory.php:77
- /var/www/html/vendor/cakephp/cakephp/src/Http/BaseApplication.php:229
- /var/www/html/vendor/cakephp/cakephp/src/Http/Runner.php:77
- /var/www/html/vendor/cakephp/cakephp/src/Http/Runner.php:77
- /var/www/html/vendor/cakephp/cakephp/src/Http/Middleware/CsrfProtectionMiddleware.php:137
- /var/www/html/vendor/cakephp/cakephp/src/Http/Runner.php:73
- /var/www/html/vendor/cakephp/cakephp/src/Http/Runner.php:58
- /var/www/html/vendor/cakephp/cakephp/src/Routing/Middleware/RoutingMiddleware.php:162
- /var/www/html/vendor/cakephp/cakephp/src/Http/Runner.php:73
- /var/www/html/vendor/cakephp/cakephp/src/Routing/Middleware/AssetMiddleware.php:77
- /var/www/html/vendor/cakephp/cakephp/src/Http/Runner.php:73
- /var/www/html/vendor/cakephp/cakephp/src/Error/Middleware/ErrorHandlerMiddleware.php:119
- /var/www/html/vendor/cakephp/cakephp/src/Http/Runner.php:73
- /var/www/html/vendor/cakephp/debug_kit/src/Middleware/DebugKitMiddleware.php:60
- /var/www/html/vendor/cakephp/cakephp/src/Http/Runner.php:73
- /var/www/html/vendor/cakephp/cakephp/src/Http/Runner.php:58
- /var/www/html/vendor/cakephp/cakephp/src/Http/Server.php:90
- /var/www/html/webroot/index.php:40

Request URL: /cards/js/react.development.js
Referer URL: http://192.168.5.10/cards/
Client IP: 192.168.5.1


2020-05-13 21:59:58 Error: [Cake\Controller\Exception\MissingActionException] Action CardsController::js() could not be found, or is not accessible. in /var/www/html/vendor/cakephp/cakephp/src/Controller/Controller.php on line 500
Exception Attributes: array (
  'controller' => 'CardsController',
  'action' => 'js',
  'prefix' => '',
  'plugin' => NULL,
)
Stack Trace:
- /var/www/html/vendor/cakephp/cakephp/src/Controller/ControllerFactory.php:77
- /var/www/html/vendor/cakephp/cakephp/src/Http/BaseApplication.php:229
- /var/www/html/vendor/cakephp/cakephp/src/Http/Runner.php:77
- /var/www/html/vendor/cakephp/cakephp/src/Http/Runner.php:77
- /var/www/html/vendor/cakephp/cakephp/src/Http/Middleware/CsrfProtectionMiddleware.php:137
- /var/www/html/vendor/cakephp/cakephp/src/Http/Runner.php:73
- /var/www/html/vendor/cakephp/cakephp/src/Http/Runner.php:58
- /var/www/html/vendor/cakephp/cakephp/src/Routing/Middleware/RoutingMiddleware.php:162
- /var/www/html/vendor/cakephp/cakephp/src/Http/Runner.php:73
- /var/www/html/vendor/cakephp/cakephp/src/Routing/Middleware/AssetMiddleware.php:77
- /var/www/html/vendor/cakephp/cakephp/src/Http/Runner.php:73
- /var/www/html/vendor/cakephp/cakephp/src/Error/Middleware/ErrorHandlerMiddleware.php:119
- /var/www/html/vendor/cakephp/cakephp/src/Http/Runner.php:73
- /var/www/html/vendor/cakephp/debug_kit/src/Middleware/DebugKitMiddleware.php:60
- /var/www/html/vendor/cakephp/cakephp/src/Http/Runner.php:73
- /var/www/html/vendor/cakephp/cakephp/src/Http/Runner.php:58
- /var/www/html/vendor/cakephp/cakephp/src/Http/Server.php:90
- /var/www/html/webroot/index.php:40

Request URL: /cards/js/react-dom.development.js
Referer URL: http://192.168.5.10/cards/
Client IP: 192.168.5.1


2020-05-13 21:59:58 Error: [Cake\Controller\Exception\MissingActionException] Action CardsController::js() could not be found, or is not accessible. in /var/www/html/vendor/cakephp/cakephp/src/Controller/Controller.php on line 500
Exception Attributes: array (
  'controller' => 'CardsController',
  'action' => 'js',
  'prefix' => '',
  'plugin' => NULL,
)
Stack Trace:
- /var/www/html/vendor/cakephp/cakephp/src/Controller/ControllerFactory.php:77
- /var/www/html/vendor/cakephp/cakephp/src/Http/BaseApplication.php:229
- /var/www/html/vendor/cakephp/cakephp/src/Http/Runner.php:77
- /var/www/html/vendor/cakephp/cakephp/src/Http/Runner.php:77
- /var/www/html/vendor/cakephp/cakephp/src/Http/Middleware/CsrfProtectionMiddleware.php:137
- /var/www/html/vendor/cakephp/cakephp/src/Http/Runner.php:73
- /var/www/html/vendor/cakephp/cakephp/src/Http/Runner.php:58
- /var/www/html/vendor/cakephp/cakephp/src/Routing/Middleware/RoutingMiddleware.php:162
- /var/www/html/vendor/cakephp/cakephp/src/Http/Runner.php:73
- /var/www/html/vendor/cakephp/cakephp/src/Routing/Middleware/AssetMiddleware.php:77
- /var/www/html/vendor/cakephp/cakephp/src/Http/Runner.php:73
- /var/www/html/vendor/cakephp/cakephp/src/Error/Middleware/ErrorHandlerMiddleware.php:119
- /var/www/html/vendor/cakephp/cakephp/src/Http/Runner.php:73
- /var/www/html/vendor/cakephp/debug_kit/src/Middleware/DebugKitMiddleware.php:60
- /var/www/html/vendor/cakephp/cakephp/src/Http/Runner.php:73
- /var/www/html/vendor/cakephp/cakephp/src/Http/Runner.php:58
- /var/www/html/vendor/cakephp/cakephp/src/Http/Server.php:90
- /var/www/html/webroot/index.php:40

Request URL: /cards/js/jquery.min.js
Referer URL: http://192.168.5.10/cards/
Client IP: 192.168.5.1


2020-05-13 22:00:54 Error: [Cake\Controller\Exception\MissingActionException] Action CardsController::js() could not be found, or is not accessible. in /var/www/html/vendor/cakephp/cakephp/src/Controller/Controller.php on line 500
Exception Attributes: array (
  'controller' => 'CardsController',
  'action' => 'js',
  'prefix' => '',
  'plugin' => NULL,
)
Stack Trace:
- /var/www/html/vendor/cakephp/cakephp/src/Controller/ControllerFactory.php:77
- /var/www/html/vendor/cakephp/cakephp/src/Http/BaseApplication.php:229
- /var/www/html/vendor/cakephp/cakephp/src/Http/Runner.php:77
- /var/www/html/vendor/cakephp/cakephp/src/Http/Runner.php:77
- /var/www/html/vendor/cakephp/cakephp/src/Http/Middleware/CsrfProtectionMiddleware.php:137
- /var/www/html/vendor/cakephp/cakephp/src/Http/Runner.php:73
- /var/www/html/vendor/cakephp/cakephp/src/Http/Runner.php:58
- /var/www/html/vendor/cakephp/cakephp/src/Routing/Middleware/RoutingMiddleware.php:162
- /var/www/html/vendor/cakephp/cakephp/src/Http/Runner.php:73
- /var/www/html/vendor/cakephp/cakephp/src/Routing/Middleware/AssetMiddleware.php:77
- /var/www/html/vendor/cakephp/cakephp/src/Http/Runner.php:73
- /var/www/html/vendor/cakephp/cakephp/src/Error/Middleware/ErrorHandlerMiddleware.php:119
- /var/www/html/vendor/cakephp/cakephp/src/Http/Runner.php:73
- /var/www/html/vendor/cakephp/debug_kit/src/Middleware/DebugKitMiddleware.php:60
- /var/www/html/vendor/cakephp/cakephp/src/Http/Runner.php:73
- /var/www/html/vendor/cakephp/cakephp/src/Http/Runner.php:58
- /var/www/html/vendor/cakephp/cakephp/src/Http/Server.php:90
- /var/www/html/webroot/index.php:40

Request URL: /cards/js/react.development.js
Referer URL: http://192.168.5.10/cards/
Client IP: 192.168.5.1


2020-05-13 22:00:54 Error: [Cake\Controller\Exception\MissingActionException] Action CardsController::js() could not be found, or is not accessible. in /var/www/html/vendor/cakephp/cakephp/src/Controller/Controller.php on line 500
Exception Attributes: array (
  'controller' => 'CardsController',
  'action' => 'js',
  'prefix' => '',
  'plugin' => NULL,
)
Stack Trace:
- /var/www/html/vendor/cakephp/cakephp/src/Controller/ControllerFactory.php:77
- /var/www/html/vendor/cakephp/cakephp/src/Http/BaseApplication.php:229
- /var/www/html/vendor/cakephp/cakephp/src/Http/Runner.php:77
- /var/www/html/vendor/cakephp/cakephp/src/Http/Runner.php:77
- /var/www/html/vendor/cakephp/cakephp/src/Http/Middleware/CsrfProtectionMiddleware.php:137
- /var/www/html/vendor/cakephp/cakephp/src/Http/Runner.php:73
- /var/www/html/vendor/cakephp/cakephp/src/Http/Runner.php:58
- /var/www/html/vendor/cakephp/cakephp/src/Routing/Middleware/RoutingMiddleware.php:162
- /var/www/html/vendor/cakephp/cakephp/src/Http/Runner.php:73
- /var/www/html/vendor/cakephp/cakephp/src/Routing/Middleware/AssetMiddleware.php:77
- /var/www/html/vendor/cakephp/cakephp/src/Http/Runner.php:73
- /var/www/html/vendor/cakephp/cakephp/src/Error/Middleware/ErrorHandlerMiddleware.php:119
- /var/www/html/vendor/cakephp/cakephp/src/Http/Runner.php:73
- /var/www/html/vendor/cakephp/debug_kit/src/Middleware/DebugKitMiddleware.php:60
- /var/www/html/vendor/cakephp/cakephp/src/Http/Runner.php:73
- /var/www/html/vendor/cakephp/cakephp/src/Http/Runner.php:58
- /var/www/html/vendor/cakephp/cakephp/src/Http/Server.php:90
- /var/www/html/webroot/index.php:40

Request URL: /cards/js/react-dom.development.js
Referer URL: http://192.168.5.10/cards/
Client IP: 192.168.5.1


2020-05-13 22:00:54 Error: [Cake\Controller\Exception\MissingActionException] Action CardsController::js() could not be found, or is not accessible. in /var/www/html/vendor/cakephp/cakephp/src/Controller/Controller.php on line 500
Exception Attributes: array (
  'controller' => 'CardsController',
  'action' => 'js',
  'prefix' => '',
  'plugin' => NULL,
)
Stack Trace:
- /var/www/html/vendor/cakephp/cakephp/src/Controller/ControllerFactory.php:77
- /var/www/html/vendor/cakephp/cakephp/src/Http/BaseApplication.php:229
- /var/www/html/vendor/cakephp/cakephp/src/Http/Runner.php:77
- /var/www/html/vendor/cakephp/cakephp/src/Http/Runner.php:77
- /var/www/html/vendor/cakephp/cakephp/src/Http/Middleware/CsrfProtectionMiddleware.php:137
- /var/www/html/vendor/cakephp/cakephp/src/Http/Runner.php:73
- /var/www/html/vendor/cakephp/cakephp/src/Http/Runner.php:58
- /var/www/html/vendor/cakephp/cakephp/src/Routing/Middleware/RoutingMiddleware.php:162
- /var/www/html/vendor/cakephp/cakephp/src/Http/Runner.php:73
- /var/www/html/vendor/cakephp/cakephp/src/Routing/Middleware/AssetMiddleware.php:77
- /var/www/html/vendor/cakephp/cakephp/src/Http/Runner.php:73
- /var/www/html/vendor/cakephp/cakephp/src/Error/Middleware/ErrorHandlerMiddleware.php:119
- /var/www/html/vendor/cakephp/cakephp/src/Http/Runner.php:73
- /var/www/html/vendor/cakephp/debug_kit/src/Middleware/DebugKitMiddleware.php:60
- /var/www/html/vendor/cakephp/cakephp/src/Http/Runner.php:73
- /var/www/html/vendor/cakephp/cakephp/src/Http/Runner.php:58
- /var/www/html/vendor/cakephp/cakephp/src/Http/Server.php:90
- /var/www/html/webroot/index.php:40

Request URL: /cards/js/jquery.min.js
Referer URL: http://192.168.5.10/cards/
Client IP: 192.168.5.1


2020-05-13 22:00:54 Error: [Cake\Controller\Exception\MissingActionException] Action CardsController::js() could not be found, or is not accessible. in /var/www/html/vendor/cakephp/cakephp/src/Controller/Controller.php on line 500
Exception Attributes: array (
  'controller' => 'CardsController',
  'action' => 'js',
  'prefix' => '',
  'plugin' => NULL,
)
Stack Trace:
- /var/www/html/vendor/cakephp/cakephp/src/Controller/ControllerFactory.php:77
- /var/www/html/vendor/cakephp/cakephp/src/Http/BaseApplication.php:229
- /var/www/html/vendor/cakephp/cakephp/src/Http/Runner.php:77
- /var/www/html/vendor/cakephp/cakephp/src/Http/Runner.php:77
- /var/www/html/vendor/cakephp/cakephp/src/Http/Middleware/CsrfProtectionMiddleware.php:137
- /var/www/html/vendor/cakephp/cakephp/src/Http/Runner.php:73
- /var/www/html/vendor/cakephp/cakephp/src/Http/Runner.php:58
- /var/www/html/vendor/cakephp/cakephp/src/Routing/Middleware/RoutingMiddleware.php:162
- /var/www/html/vendor/cakephp/cakephp/src/Http/Runner.php:73
- /var/www/html/vendor/cakephp/cakephp/src/Routing/Middleware/AssetMiddleware.php:77
- /var/www/html/vendor/cakephp/cakephp/src/Http/Runner.php:73
- /var/www/html/vendor/cakephp/cakephp/src/Error/Middleware/ErrorHandlerMiddleware.php:119
- /var/www/html/vendor/cakephp/cakephp/src/Http/Runner.php:73
- /var/www/html/vendor/cakephp/debug_kit/src/Middleware/DebugKitMiddleware.php:60
- /var/www/html/vendor/cakephp/cakephp/src/Http/Runner.php:73
- /var/www/html/vendor/cakephp/cakephp/src/Http/Runner.php:58
- /var/www/html/vendor/cakephp/cakephp/src/Http/Server.php:90
- /var/www/html/webroot/index.php:40

Request URL: /cards/js/react-dom.development.js
Referer URL: http://192.168.5.10/cards/
Client IP: 192.168.5.1


2020-05-13 22:00:54 Error: [Cake\Controller\Exception\MissingActionException] Action CardsController::js() could not be found, or is not accessible. in /var/www/html/vendor/cakephp/cakephp/src/Controller/Controller.php on line 500
Exception Attributes: array (
  'controller' => 'CardsController',
  'action' => 'js',
  'prefix' => '',
  'plugin' => NULL,
)
Stack Trace:
- /var/www/html/vendor/cakephp/cakephp/src/Controller/ControllerFactory.php:77
- /var/www/html/vendor/cakephp/cakephp/src/Http/BaseApplication.php:229
- /var/www/html/vendor/cakephp/cakephp/src/Http/Runner.php:77
- /var/www/html/vendor/cakephp/cakephp/src/Http/Runner.php:77
- /var/www/html/vendor/cakephp/cakephp/src/Http/Middleware/CsrfProtectionMiddleware.php:137
- /var/www/html/vendor/cakephp/cakephp/src/Http/Runner.php:73
- /var/www/html/vendor/cakephp/cakephp/src/Http/Runner.php:58
- /var/www/html/vendor/cakephp/cakephp/src/Routing/Middleware/RoutingMiddleware.php:162
- /var/www/html/vendor/cakephp/cakephp/src/Http/Runner.php:73
- /var/www/html/vendor/cakephp/cakephp/src/Routing/Middleware/AssetMiddleware.php:77
- /var/www/html/vendor/cakephp/cakephp/src/Http/Runner.php:73
- /var/www/html/vendor/cakephp/cakephp/src/Error/Middleware/ErrorHandlerMiddleware.php:119
- /var/www/html/vendor/cakephp/cakephp/src/Http/Runner.php:73
- /var/www/html/vendor/cakephp/debug_kit/src/Middleware/DebugKitMiddleware.php:60
- /var/www/html/vendor/cakephp/cakephp/src/Http/Runner.php:73
- /var/www/html/vendor/cakephp/cakephp/src/Http/Runner.php:58
- /var/www/html/vendor/cakephp/cakephp/src/Http/Server.php:90
- /var/www/html/webroot/index.php:40

Request URL: /cards/js/jquery.min.js
Referer URL: http://192.168.5.10/cards/
Client IP: 192.168.5.1


2020-05-13 22:02:40 Error: [Cake\Controller\Exception\MissingActionException] Action CardsController::js() could not be found, or is not accessible. in /var/www/html/vendor/cakephp/cakephp/src/Controller/Controller.php on line 500
Exception Attributes: array (
  'controller' => 'CardsController',
  'action' => 'js',
  'prefix' => '',
  'plugin' => NULL,
)
Stack Trace:
- /var/www/html/vendor/cakephp/cakephp/src/Controller/ControllerFactory.php:77
- /var/www/html/vendor/cakephp/cakephp/src/Http/BaseApplication.php:229
- /var/www/html/vendor/cakephp/cakephp/src/Http/Runner.php:77
- /var/www/html/vendor/cakephp/cakephp/src/Http/Runner.php:77
- /var/www/html/vendor/cakephp/cakephp/src/Http/Middleware/CsrfProtectionMiddleware.php:137
- /var/www/html/vendor/cakephp/cakephp/src/Http/Runner.php:73
- /var/www/html/vendor/cakephp/cakephp/src/Http/Runner.php:58
- /var/www/html/vendor/cakephp/cakephp/src/Routing/Middleware/RoutingMiddleware.php:162
- /var/www/html/vendor/cakephp/cakephp/src/Http/Runner.php:73
- /var/www/html/vendor/cakephp/cakephp/src/Routing/Middleware/AssetMiddleware.php:77
- /var/www/html/vendor/cakephp/cakephp/src/Http/Runner.php:73
- /var/www/html/vendor/cakephp/cakephp/src/Error/Middleware/ErrorHandlerMiddleware.php:119
- /var/www/html/vendor/cakephp/cakephp/src/Http/Runner.php:73
- /var/www/html/vendor/cakephp/debug_kit/src/Middleware/DebugKitMiddleware.php:60
- /var/www/html/vendor/cakephp/cakephp/src/Http/Runner.php:73
- /var/www/html/vendor/cakephp/cakephp/src/Http/Runner.php:58
- /var/www/html/vendor/cakephp/cakephp/src/Http/Server.php:90
- /var/www/html/webroot/index.php:40

Request URL: /cards/js/react.development.js
Referer URL: http://192.168.5.10/cards/
Client IP: 192.168.5.1


2020-05-13 22:02:40 Error: [Cake\Controller\Exception\MissingActionException] Action CardsController::js() could not be found, or is not accessible. in /var/www/html/vendor/cakephp/cakephp/src/Controller/Controller.php on line 500
Exception Attributes: array (
  'controller' => 'CardsController',
  'action' => 'js',
  'prefix' => '',
  'plugin' => NULL,
)
Stack Trace:
- /var/www/html/vendor/cakephp/cakephp/src/Controller/ControllerFactory.php:77
- /var/www/html/vendor/cakephp/cakephp/src/Http/BaseApplication.php:229
- /var/www/html/vendor/cakephp/cakephp/src/Http/Runner.php:77
- /var/www/html/vendor/cakephp/cakephp/src/Http/Runner.php:77
- /var/www/html/vendor/cakephp/cakephp/src/Http/Middleware/CsrfProtectionMiddleware.php:137
- /var/www/html/vendor/cakephp/cakephp/src/Http/Runner.php:73
- /var/www/html/vendor/cakephp/cakephp/src/Http/Runner.php:58
- /var/www/html/vendor/cakephp/cakephp/src/Routing/Middleware/RoutingMiddleware.php:162
- /var/www/html/vendor/cakephp/cakephp/src/Http/Runner.php:73
- /var/www/html/vendor/cakephp/cakephp/src/Routing/Middleware/AssetMiddleware.php:77
- /var/www/html/vendor/cakephp/cakephp/src/Http/Runner.php:73
- /var/www/html/vendor/cakephp/cakephp/src/Error/Middleware/ErrorHandlerMiddleware.php:119
- /var/www/html/vendor/cakephp/cakephp/src/Http/Runner.php:73
- /var/www/html/vendor/cakephp/debug_kit/src/Middleware/DebugKitMiddleware.php:60
- /var/www/html/vendor/cakephp/cakephp/src/Http/Runner.php:73
- /var/www/html/vendor/cakephp/cakephp/src/Http/Runner.php:58
- /var/www/html/vendor/cakephp/cakephp/src/Http/Server.php:90
- /var/www/html/webroot/index.php:40

Request URL: /cards/js/react-dom.development.js
Referer URL: http://192.168.5.10/cards/
Client IP: 192.168.5.1


2020-05-13 22:02:40 Error: [Cake\Controller\Exception\MissingActionException] Action CardsController::js() could not be found, or is not accessible. in /var/www/html/vendor/cakephp/cakephp/src/Controller/Controller.php on line 500
Exception Attributes: array (
  'controller' => 'CardsController',
  'action' => 'js',
  'prefix' => '',
  'plugin' => NULL,
)
Stack Trace:
- /var/www/html/vendor/cakephp/cakephp/src/Controller/ControllerFactory.php:77
- /var/www/html/vendor/cakephp/cakephp/src/Http/BaseApplication.php:229
- /var/www/html/vendor/cakephp/cakephp/src/Http/Runner.php:77
- /var/www/html/vendor/cakephp/cakephp/src/Http/Runner.php:77
- /var/www/html/vendor/cakephp/cakephp/src/Http/Middleware/CsrfProtectionMiddleware.php:137
- /var/www/html/vendor/cakephp/cakephp/src/Http/Runner.php:73
- /var/www/html/vendor/cakephp/cakephp/src/Http/Runner.php:58
- /var/www/html/vendor/cakephp/cakephp/src/Routing/Middleware/RoutingMiddleware.php:162
- /var/www/html/vendor/cakephp/cakephp/src/Http/Runner.php:73
- /var/www/html/vendor/cakephp/cakephp/src/Routing/Middleware/AssetMiddleware.php:77
- /var/www/html/vendor/cakephp/cakephp/src/Http/Runner.php:73
- /var/www/html/vendor/cakephp/cakephp/src/Error/Middleware/ErrorHandlerMiddleware.php:119
- /var/www/html/vendor/cakephp/cakephp/src/Http/Runner.php:73
- /var/www/html/vendor/cakephp/debug_kit/src/Middleware/DebugKitMiddleware.php:60
- /var/www/html/vendor/cakephp/cakephp/src/Http/Runner.php:73
- /var/www/html/vendor/cakephp/cakephp/src/Http/Runner.php:58
- /var/www/html/vendor/cakephp/cakephp/src/Http/Server.php:90
- /var/www/html/webroot/index.php:40

Request URL: /cards/js/jquery.min.js
Referer URL: http://192.168.5.10/cards/
Client IP: 192.168.5.1


2020-05-13 22:02:40 Error: [Cake\Controller\Exception\MissingActionException] Action CardsController::js() could not be found, or is not accessible. in /var/www/html/vendor/cakephp/cakephp/src/Controller/Controller.php on line 500
Exception Attributes: array (
  'controller' => 'CardsController',
  'action' => 'js',
  'prefix' => '',
  'plugin' => NULL,
)
Stack Trace:
- /var/www/html/vendor/cakephp/cakephp/src/Controller/ControllerFactory.php:77
- /var/www/html/vendor/cakephp/cakephp/src/Http/BaseApplication.php:229
- /var/www/html/vendor/cakephp/cakephp/src/Http/Runner.php:77
- /var/www/html/vendor/cakephp/cakephp/src/Http/Runner.php:77
- /var/www/html/vendor/cakephp/cakephp/src/Http/Middleware/CsrfProtectionMiddleware.php:137
- /var/www/html/vendor/cakephp/cakephp/src/Http/Runner.php:73
- /var/www/html/vendor/cakephp/cakephp/src/Http/Runner.php:58
- /var/www/html/vendor/cakephp/cakephp/src/Routing/Middleware/RoutingMiddleware.php:162
- /var/www/html/vendor/cakephp/cakephp/src/Http/Runner.php:73
- /var/www/html/vendor/cakephp/cakephp/src/Routing/Middleware/AssetMiddleware.php:77
- /var/www/html/vendor/cakephp/cakephp/src/Http/Runner.php:73
- /var/www/html/vendor/cakephp/cakephp/src/Error/Middleware/ErrorHandlerMiddleware.php:119
- /var/www/html/vendor/cakephp/cakephp/src/Http/Runner.php:73
- /var/www/html/vendor/cakephp/debug_kit/src/Middleware/DebugKitMiddleware.php:60
- /var/www/html/vendor/cakephp/cakephp/src/Http/Runner.php:73
- /var/www/html/vendor/cakephp/cakephp/src/Http/Runner.php:58
- /var/www/html/vendor/cakephp/cakephp/src/Http/Server.php:90
- /var/www/html/webroot/index.php:40

Request URL: /cards/js/react-dom.development.js
Referer URL: http://192.168.5.10/cards/
Client IP: 192.168.5.1


2020-05-13 22:02:40 Error: [Cake\Controller\Exception\MissingActionException] Action CardsController::js() could not be found, or is not accessible. in /var/www/html/vendor/cakephp/cakephp/src/Controller/Controller.php on line 500
Exception Attributes: array (
  'controller' => 'CardsController',
  'action' => 'js',
  'prefix' => '',
  'plugin' => NULL,
)
Stack Trace:
- /var/www/html/vendor/cakephp/cakephp/src/Controller/ControllerFactory.php:77
- /var/www/html/vendor/cakephp/cakephp/src/Http/BaseApplication.php:229
- /var/www/html/vendor/cakephp/cakephp/src/Http/Runner.php:77
- /var/www/html/vendor/cakephp/cakephp/src/Http/Runner.php:77
- /var/www/html/vendor/cakephp/cakephp/src/Http/Middleware/CsrfProtectionMiddleware.php:137
- /var/www/html/vendor/cakephp/cakephp/src/Http/Runner.php:73
- /var/www/html/vendor/cakephp/cakephp/src/Http/Runner.php:58
- /var/www/html/vendor/cakephp/cakephp/src/Routing/Middleware/RoutingMiddleware.php:162
- /var/www/html/vendor/cakephp/cakephp/src/Http/Runner.php:73
- /var/www/html/vendor/cakephp/cakephp/src/Routing/Middleware/AssetMiddleware.php:77
- /var/www/html/vendor/cakephp/cakephp/src/Http/Runner.php:73
- /var/www/html/vendor/cakephp/cakephp/src/Error/Middleware/ErrorHandlerMiddleware.php:119
- /var/www/html/vendor/cakephp/cakephp/src/Http/Runner.php:73
- /var/www/html/vendor/cakephp/debug_kit/src/Middleware/DebugKitMiddleware.php:60
- /var/www/html/vendor/cakephp/cakephp/src/Http/Runner.php:73
- /var/www/html/vendor/cakephp/cakephp/src/Http/Runner.php:58
- /var/www/html/vendor/cakephp/cakephp/src/Http/Server.php:90
- /var/www/html/webroot/index.php:40

Request URL: /cards/js/jquery.min.js
Referer URL: http://192.168.5.10/cards/
Client IP: 192.168.5.1


2020-05-13 22:04:08 Error: [Cake\Http\Exception\MissingControllerException] Controller class Css could not be found. in /var/www/html/vendor/cakephp/cakephp/src/Controller/ControllerFactory.php on line 158
Exception Attributes: array (
  'class' => 'Css',
  'plugin' => NULL,
  'prefix' => NULL,
  '_ext' => NULL,
)
Stack Trace:
- /var/www/html/vendor/cakephp/cakephp/src/Controller/ControllerFactory.php:46
- /var/www/html/vendor/cakephp/cakephp/src/Http/BaseApplication.php:227
- /var/www/html/vendor/cakephp/cakephp/src/Http/Runner.php:77
- /var/www/html/vendor/cakephp/cakephp/src/Http/Runner.php:77
- /var/www/html/vendor/cakephp/cakephp/src/Http/Middleware/CsrfProtectionMiddleware.php:137
- /var/www/html/vendor/cakephp/cakephp/src/Http/Runner.php:73
- /var/www/html/vendor/cakephp/cakephp/src/Http/Runner.php:58
- /var/www/html/vendor/cakephp/cakephp/src/Routing/Middleware/RoutingMiddleware.php:162
- /var/www/html/vendor/cakephp/cakephp/src/Http/Runner.php:73
- /var/www/html/vendor/cakephp/cakephp/src/Routing/Middleware/AssetMiddleware.php:77
- /var/www/html/vendor/cakephp/cakephp/src/Http/Runner.php:73
- /var/www/html/vendor/cakephp/cakephp/src/Error/Middleware/ErrorHandlerMiddleware.php:119
- /var/www/html/vendor/cakephp/cakephp/src/Http/Runner.php:73
- /var/www/html/vendor/cakephp/debug_kit/src/Middleware/DebugKitMiddleware.php:60
- /var/www/html/vendor/cakephp/cakephp/src/Http/Runner.php:73
- /var/www/html/vendor/cakephp/cakephp/src/Http/Runner.php:58
- /var/www/html/vendor/cakephp/cakephp/src/Http/Server.php:90
- /var/www/html/webroot/index.php:40

Request URL: /css/milligram.min.css.map
Client IP: 192.168.5.1


2020-05-13 22:05:06 Error: [Cake\Http\Exception\MissingControllerException] Controller class Css could not be found. in /var/www/html/vendor/cakephp/cakephp/src/Controller/ControllerFactory.php on line 158
Exception Attributes: array (
  'class' => 'Css',
  'plugin' => NULL,
  'prefix' => NULL,
  '_ext' => NULL,
)
Stack Trace:
- /var/www/html/vendor/cakephp/cakephp/src/Controller/ControllerFactory.php:46
- /var/www/html/vendor/cakephp/cakephp/src/Http/BaseApplication.php:227
- /var/www/html/vendor/cakephp/cakephp/src/Http/Runner.php:77
- /var/www/html/vendor/cakephp/cakephp/src/Http/Runner.php:77
- /var/www/html/vendor/cakephp/cakephp/src/Http/Middleware/CsrfProtectionMiddleware.php:137
- /var/www/html/vendor/cakephp/cakephp/src/Http/Runner.php:73
- /var/www/html/vendor/cakephp/cakephp/src/Http/Runner.php:58
- /var/www/html/vendor/cakephp/cakephp/src/Routing/Middleware/RoutingMiddleware.php:162
- /var/www/html/vendor/cakephp/cakephp/src/Http/Runner.php:73
- /var/www/html/vendor/cakephp/cakephp/src/Routing/Middleware/AssetMiddleware.php:77
- /var/www/html/vendor/cakephp/cakephp/src/Http/Runner.php:73
- /var/www/html/vendor/cakephp/cakephp/src/Error/Middleware/ErrorHandlerMiddleware.php:119
- /var/www/html/vendor/cakephp/cakephp/src/Http/Runner.php:73
- /var/www/html/vendor/cakephp/debug_kit/src/Middleware/DebugKitMiddleware.php:60
- /var/www/html/vendor/cakephp/cakephp/src/Http/Runner.php:73
- /var/www/html/vendor/cakephp/cakephp/src/Http/Runner.php:58
- /var/www/html/vendor/cakephp/cakephp/src/Http/Server.php:90
- /var/www/html/webroot/index.php:40

Request URL: /css/milligram.min.css.map
Client IP: 192.168.5.1


2020-05-14 02:08:07 Error: [ArgumentCountError] Too few arguments to function Cake\ORM\Table::findAll(), 0 passed in /var/www/html/src/Controller/CardsController.php on line 23 and exactly 2 expected in /var/www/html/vendor/cakephp/cakephp/src/ORM/Table.php on line 1271
Stack Trace:
- /var/www/html/src/Controller/CardsController.php:23
- /var/www/html/vendor/cakephp/cakephp/src/Controller/Controller.php:521
- /var/www/html/vendor/cakephp/cakephp/src/Controller/ControllerFactory.php:79
- /var/www/html/vendor/cakephp/cakephp/src/Http/BaseApplication.php:229
- /var/www/html/vendor/cakephp/cakephp/src/Http/Runner.php:77
- /var/www/html/vendor/cakephp/cakephp/src/Http/Runner.php:77
- /var/www/html/vendor/cakephp/cakephp/src/Http/Middleware/CsrfProtectionMiddleware.php:137
- /var/www/html/vendor/cakephp/cakephp/src/Http/Runner.php:73
- /var/www/html/vendor/cakephp/cakephp/src/Http/Runner.php:58
- /var/www/html/vendor/cakephp/cakephp/src/Routing/Middleware/RoutingMiddleware.php:162
- /var/www/html/vendor/cakephp/cakephp/src/Http/Runner.php:73
- /var/www/html/vendor/cakephp/cakephp/src/Routing/Middleware/AssetMiddleware.php:68
- /var/www/html/vendor/cakephp/cakephp/src/Http/Runner.php:73
- /var/www/html/vendor/cakephp/cakephp/src/Error/Middleware/ErrorHandlerMiddleware.php:119
- /var/www/html/vendor/cakephp/cakephp/src/Http/Runner.php:73
- /var/www/html/vendor/cakephp/debug_kit/src/Middleware/DebugKitMiddleware.php:60
- /var/www/html/vendor/cakephp/cakephp/src/Http/Runner.php:73
- /var/www/html/vendor/cakephp/cakephp/src/Http/Runner.php:58
- /var/www/html/vendor/cakephp/cakephp/src/Http/Server.php:90
- /var/www/html/webroot/index.php:40

Request URL: /cards/cards/
Client IP: 192.168.5.1


2020-05-14 02:08:44 Error: Fatal Error (256): [TypeError] Argument 2 passed to Cake\Error\ErrorHandler::_displayError() must be of the type bool, int given, called in /var/www/html/vendor/cakephp/cakephp/src/Error/BaseErrorHandler.php on line 187 (/var/www/html/vendor/cakephp/cakephp/src/Error/ErrorHandler.php:116)
#0 /var/www/html/vendor/cakephp/cakephp/src/Error/BaseErrorHandler.php(187): Cake\Error\ErrorHandler->_displayError()
#1 /var/www/html/vendor/cakephp/debug_kit/src/Plugin.php(105): Cake\Error\BaseErrorHandler->handleError()
#2 [internal function]: DebugKit\Plugin->DebugKit\{closure}()
#3 /var/www/html/vendor/cakephp/cakephp/src/Http/ResponseEmitter.php(71): trigger_error()
#4 /var/www/html/vendor/cakephp/cakephp/src/Error/ErrorHandler.php(214): Cake\Http\ResponseEmitter->emit()
#5 /var/www/html/vendor/cakephp/cakephp/src/Error/ErrorHandler.php(139): Cake\Error\ErrorHandler->_sendResponse()
#6 /var/www/html/vendor/cakephp/cakephp/src/Error/BaseErrorHandler.php(221): Cake\Error\ErrorHandler->_displayException()
#7 [internal function]: Cake\Error\BaseErrorHandler->handleException()
#8 {main} in [/var/www/html/vendor/cakephp/cakephp/src/Error/ErrorHandler.php, line 196]


2020-05-14 02:08:44 Error: [Cake\Error\FatalErrorException] [TypeError] Argument 2 passed to Cake\Error\ErrorHandler::_displayError() must be of the type bool, int given, called in /var/www/html/vendor/cakephp/cakephp/src/Error/BaseErrorHandler.php on line 187 (/var/www/html/vendor/cakephp/cakephp/src/Error/ErrorHandler.php:116)
#0 /var/www/html/vendor/cakephp/cakephp/src/Error/BaseErrorHandler.php(187): Cake\Error\ErrorHandler->_displayError()
#1 /var/www/html/vendor/cakephp/debug_kit/src/Plugin.php(105): Cake\Error\BaseErrorHandler->handleError()
#2 [internal function]: DebugKit\Plugin->DebugKit\{closure}()
#3 /var/www/html/vendor/cakephp/cakephp/src/Http/ResponseEmitter.php(71): trigger_error()
#4 /var/www/html/vendor/cakephp/cakephp/src/Error/ErrorHandler.php(214): Cake\Http\ResponseEmitter->emit()
#5 /var/www/html/vendor/cakephp/cakephp/src/Error/ErrorHandler.php(139): Cake\Error\ErrorHandler->_sendResponse()
#6 /var/www/html/vendor/cakephp/cakephp/src/Error/BaseErrorHandler.php(221): Cake\Error\ErrorHandler->_displayException()
#7 [internal function]: Cake\Error\BaseErrorHandler->handleException()
#8 {main} in /var/www/html/vendor/cakephp/cakephp/src/Error/ErrorHandler.php on line 196
Request URL: /cards/cards/
Client IP: 192.168.5.1


2020-05-14 02:08:44 Error: [TypeError] Argument 2 passed to Cake\Error\ErrorHandler::_displayError() must be of the type bool, int given, called in /var/www/html/vendor/cakephp/cakephp/src/Error/BaseErrorHandler.php on line 187 in /var/www/html/vendor/cakephp/cakephp/src/Error/ErrorHandler.php on line 116
Request URL: /cards/cards/
Client IP: 192.168.5.1


2020-05-14 02:09:32 Error: Fatal Error (256): [TypeError] Argument 2 passed to Cake\Error\ErrorHandler::_displayError() must be of the type bool, int given, called in /var/www/html/vendor/cakephp/cakephp/src/Error/BaseErrorHandler.php on line 187 (/var/www/html/vendor/cakephp/cakephp/src/Error/ErrorHandler.php:116)
#0 /var/www/html/vendor/cakephp/cakephp/src/Error/BaseErrorHandler.php(187): Cake\Error\ErrorHandler->_displayError()
#1 /var/www/html/vendor/cakephp/debug_kit/src/Plugin.php(105): Cake\Error\BaseErrorHandler->handleError()
#2 [internal function]: DebugKit\Plugin->DebugKit\{closure}()
#3 /var/www/html/vendor/cakephp/cakephp/src/Http/ResponseEmitter.php(71): trigger_error()
#4 /var/www/html/vendor/cakephp/cakephp/src/Error/ErrorHandler.php(214): Cake\Http\ResponseEmitter->emit()
#5 /var/www/html/vendor/cakephp/cakephp/src/Error/ErrorHandler.php(139): Cake\Error\ErrorHandler->_sendResponse()
#6 /var/www/html/vendor/cakephp/cakephp/src/Error/BaseErrorHandler.php(221): Cake\Error\ErrorHandler->_displayException()
#7 [internal function]: Cake\Error\BaseErrorHandler->handleException()
#8 {main} in [/var/www/html/vendor/cakephp/cakephp/src/Error/ErrorHandler.php, line 196]


2020-05-14 02:09:32 Error: [Cake\Error\FatalErrorException] [TypeError] Argument 2 passed to Cake\Error\ErrorHandler::_displayError() must be of the type bool, int given, called in /var/www/html/vendor/cakephp/cakephp/src/Error/BaseErrorHandler.php on line 187 (/var/www/html/vendor/cakephp/cakephp/src/Error/ErrorHandler.php:116)
#0 /var/www/html/vendor/cakephp/cakephp/src/Error/BaseErrorHandler.php(187): Cake\Error\ErrorHandler->_displayError()
#1 /var/www/html/vendor/cakephp/debug_kit/src/Plugin.php(105): Cake\Error\BaseErrorHandler->handleError()
#2 [internal function]: DebugKit\Plugin->DebugKit\{closure}()
#3 /var/www/html/vendor/cakephp/cakephp/src/Http/ResponseEmitter.php(71): trigger_error()
#4 /var/www/html/vendor/cakephp/cakephp/src/Error/ErrorHandler.php(214): Cake\Http\ResponseEmitter->emit()
#5 /var/www/html/vendor/cakephp/cakephp/src/Error/ErrorHandler.php(139): Cake\Error\ErrorHandler->_sendResponse()
#6 /var/www/html/vendor/cakephp/cakephp/src/Error/BaseErrorHandler.php(221): Cake\Error\ErrorHandler->_displayException()
#7 [internal function]: Cake\Error\BaseErrorHandler->handleException()
#8 {main} in /var/www/html/vendor/cakephp/cakephp/src/Error/ErrorHandler.php on line 196
Request URL: /cards/cards/
Client IP: 192.168.5.1


2020-05-14 02:09:32 Error: [TypeError] Argument 2 passed to Cake\Error\ErrorHandler::_displayError() must be of the type bool, int given, called in /var/www/html/vendor/cakephp/cakephp/src/Error/BaseErrorHandler.php on line 187 in /var/www/html/vendor/cakephp/cakephp/src/Error/ErrorHandler.php on line 116
Request URL: /cards/cards/
Client IP: 192.168.5.1


2020-05-14 02:14:52 Error: Fatal Error (1): Maximum execution time of 30 seconds exceeded in [/var/www/html/src/Controller/CardsController.php, line 48]
Request URL: /cards/cards/
Client IP: 192.168.5.1
Trace:
Cake\Error\BaseErrorHandler::handleFatalError() - CORE/src/Error/BaseErrorHandler.php, line 258
Cake\Error\BaseErrorHandler::Cake\Error\{closure}() - CORE/src/Error/BaseErrorHandler.php, line 122
[main] - [internal], line ??



2020-05-14 02:14:52 Error: Fatal Error (256): [TypeError] Argument 2 passed to Cake\Error\ErrorHandler::_displayError() must be of the type bool, int given, called in /var/www/html/vendor/cakephp/cakephp/src/Error/BaseErrorHandler.php on line 187 (/var/www/html/vendor/cakephp/cakephp/src/Error/ErrorHandler.php:116)
#0 /var/www/html/vendor/cakephp/cakephp/src/Error/BaseErrorHandler.php(187): Cake\Error\ErrorHandler->_displayError()
#1 /var/www/html/vendor/cakephp/debug_kit/src/Plugin.php(105): Cake\Error\BaseErrorHandler->handleError()
#2 [internal function]: DebugKit\Plugin->DebugKit\{closure}()
#3 /var/www/html/vendor/cakephp/cakephp/src/Http/ResponseEmitter.php(71): trigger_error()
#4 /var/www/html/vendor/cakephp/cakephp/src/Error/ErrorHandler.php(214): Cake\Http\ResponseEmitter->emit()
#5 /var/www/html/vendor/cakephp/cakephp/src/Error/ErrorHandler.php(139): Cake\Error\ErrorHandler->_sendResponse()
#6 /var/www/html/vendor/cakephp/cakephp/src/Error/BaseErrorHandler.php(221): Cake\Error\ErrorHandler->_displayException()
#7 /var/www/html/vendor/cakephp/cakephp/src/Error/BaseErrorHandler.php(260): Cake\Error\BaseErrorHandler->handleException()
#8 /var/www/html/vendor/cakephp/cakephp/src/Error/BaseErrorHandler.php(122): Cake\Error\BaseErrorHandler->handleFatalError()
#9 [internal function]: Cake\Error\BaseErrorHandler->Cake\Error\{closure}()
#10 {main} in [/var/www/html/vendor/cakephp/cakephp/src/Error/ErrorHandler.php, line 196]


